2022-08-29 19:53:04.418  INFO 1 --- [main] o.a.s.m.u.MsvcUsuariosApplication        : Starting MsvcUsuariosApplication v0.0.1-SNAPSHOT using Java 1.8.0_212 on bd94c3962c09 with PID 1 (/app/msvc-usuarios-0.0.1-SNAPSHOT.jar started by root in /app)
2022-08-29 19:53:04.424  INFO 1 --- [main] o.a.s.m.u.MsvcUsuariosApplication        : No active profile set, falling back to 1 default profile: "default"
2022-08-29 19:53:10.578  INFO 1 --- [main] .s.d.r.c.RepositoryConfigurationDelegate : Bootstrapping Spring Data JPA repositories in DEFAULT mode.
2022-08-29 19:53:14.769  INFO 1 --- [main] .s.d.r.c.RepositoryConfigurationDelegate : Finished Spring Data repository scanning in 3662 ms. Found 1 JPA repository interfaces.
2022-08-29 19:53:15.913  INFO 1 --- [main] o.s.cloud.context.scope.GenericScope     : BeanFactory id=26096769-d06e-3abc-88b5-e2d31ac8e385
2022-08-29 19:53:27.541  INFO 1 --- [main] o.s.b.w.embedded.tomcat.TomcatWebServer  : Tomcat initialized with port(s): 8001 (http)
2022-08-29 19:53:28.228  INFO 1 --- [main] o.apache.catalina.core.StandardService   : Starting service [Tomcat]
2022-08-29 19:53:28.229  INFO 1 --- [main] org.apache.catalina.core.StandardEngine  : Starting Servlet engine: [Apache Tomcat/9.0.65]
2022-08-29 19:53:31.349  INFO 1 --- [main] o.a.c.c.C.[Tomcat].[localhost].[/]       : Initializing Spring embedded WebApplicationContext
2022-08-29 19:53:31.350  INFO 1 --- [main] w.s.c.ServletWebServerApplicationContext : Root WebApplicationContext: initialization completed in 26812 ms
2022-08-29 19:53:32.084  INFO 1 --- [main] com.zaxxer.hikari.HikariDataSource       : HikariPool-1 - Starting...
2022-08-29 19:53:41.720  INFO 1 --- [main] com.zaxxer.hikari.HikariDataSource       : HikariPool-1 - Start completed.
2022-08-29 19:53:41.839  INFO 1 --- [main] o.hibernate.jpa.internal.util.LogHelper  : HHH000204: Processing PersistenceUnitInfo [name: default]
2022-08-29 19:53:41.961  INFO 1 --- [main] org.hibernate.Version                    : HHH000412: Hibernate ORM core version 5.6.10.Final
2022-08-29 19:53:42.758  INFO 1 --- [main] o.hibernate.annotations.common.Version   : HCANN000001: Hibernate Commons Annotations {5.1.2.Final}
2022-08-29 19:53:43.032  INFO 1 --- [main] org.hibernate.dialect.Dialect            : HHH000400: Using dialect: org.hibernate.dialect.MySQL8Dialect
2022-08-29 19:54:08.795  INFO 1 --- [main] o.h.e.t.j.p.i.JtaPlatformInitiator       : HHH000490: Using JtaPlatform implementation: [org.hibernate.engine.transaction.jta.platform.internal.NoJtaPlatform]
2022-08-29 19:54:08.819  INFO 1 --- [main] j.LocalContainerEntityManagerFactoryBean : Initialized JPA EntityManagerFactory for persistence unit 'default'
2022-08-29 19:54:13.358  WARN 1 --- [main] JpaBaseConfiguration$JpaWebConfiguration : spring.jpa.open-in-view is enabled by default. Therefore, database queries may be performed during view rendering. Explicitly configure spring.jpa.open-in-view to disable this warning
2022-08-29 19:54:14.457  INFO 1 --- [main] o.s.b.w.embedded.tomcat.TomcatWebServer  : Tomcat started on port(s): 8001 (http) with context path ''
2022-08-29 19:54:14.474  INFO 1 --- [main] o.a.s.m.u.MsvcUsuariosApplication        : Started MsvcUsuariosApplication in 71.065 seconds (JVM running for 72.219)
